[ 2009-09-17T23:05:26+08:00 ] NOTIC: [8] A session had already been started - ignoring session_start() ~runtime.php 第 2 行.
[ 2009-09-17T23:05:33+08:00 ] NOTIC: [8] A session had already been started - ignoring session_start() ~runtime.php 第 2 行.
[ 2009-09-17T23:05:33+08:00 ] SQL:  RunTime:0.113692s SQL = SHOW COLUMNS FROM erp_supplier
[ 2009-09-17T23:05:33+08:00 ] SQL:  RunTime:0.000597s SQL = SELECT * FROM `erp_supplier`
[ 2009-09-17T23:05:33+08:00 ] SQL:  RunTime:0.036976s SQL = SHOW COLUMNS FROM erp_options
[ 2009-09-17T23:05:33+08:00 ] SQL:  RunTime:0.007073s SQL = SELECT * FROM `erp_options` WHERE 1=1 AND id='2' LIMIT 1 
[ 2009-09-17T23:05:33+08:00 ] SQL:  RunTime:0.000361s SQL = SELECT * FROM `erp_options` WHERE 1=1 AND id='13' LIMIT 1 
[ 2009-09-17T23:05:33+08:00 ] SQL:  RunTime:0.000310s SQL = SELECT * FROM `erp_options` WHERE 1=1 AND id='3' LIMIT 1 
[ 2009-09-17T23:05:33+08:00 ] SQL:  RunTime:0.000305s SQL = SELECT * FROM `erp_options` WHERE 1=1 AND id='11' LIMIT 1 
[ 2009-09-17T23:06:01+08:00 ] NOTIC: [8] A session had already been started - ignoring session_start() ~runtime.php 第 2 行.
[ 2009-09-17T23:06:01+08:00 ] SQL:  RunTime:0.042711s SQL = SHOW COLUMNS FROM erp_supplier
[ 2009-09-17T23:06:01+08:00 ] SQL:  RunTime:0.021770s SQL = SELECT * FROM `erp_supplier`
[ 2009-09-17T23:06:01+08:00 ] SQL:  RunTime:0.006290s SQL = SHOW COLUMNS FROM erp_options
[ 2009-09-17T23:06:01+08:00 ] SQL:  RunTime:0.005871s SQL = SELECT * FROM `erp_options` WHERE 1=1 AND id='2' LIMIT 1 
[ 2009-09-17T23:06:01+08:00 ] SQL:  RunTime:0.000533s SQL = SELECT * FROM `erp_options` WHERE 1=1 AND id='13' LIMIT 1 
[ 2009-09-17T23:06:01+08:00 ] SQL:  RunTime:0.000329s SQL = SELECT * FROM `erp_options` WHERE 1=1 AND id='3' LIMIT 1 
[ 2009-09-17T23:06:01+08:00 ] SQL:  RunTime:0.000303s SQL = SELECT * FROM `erp_options` WHERE 1=1 AND id='11' LIMIT 1 
[ 2009-09-17T23:06:07+08:00 ] NOTIC: [8] A session had already been started - ignoring session_start() ~runtime.php 第 2 行.
[ 2009-09-17T23:06:07+08:00 ] SQL:  RunTime:0.005590s SQL = SHOW COLUMNS FROM erp_supplier
[ 2009-09-17T23:06:07+08:00 ] SQL:  RunTime:0.004648s SQL = SELECT * FROM `erp_supplier`
[ 2009-09-17T23:06:07+08:00 ] SQL:  RunTime:0.018127s SQL = SHOW COLUMNS FROM erp_options
[ 2009-09-17T23:06:07+08:00 ] SQL:  RunTime:0.005493s SQL = SELECT * FROM `erp_options` WHERE 1=1 AND id='2' LIMIT 1 
[ 2009-09-17T23:06:07+08:00 ] SQL:  RunTime:0.000366s SQL = SELECT * FROM `erp_options` WHERE 1=1 AND id='13' LIMIT 1 
[ 2009-09-17T23:06:07+08:00 ] SQL:  RunTime:0.000311s SQL = SELECT * FROM `erp_options` WHERE 1=1 AND id='3' LIMIT 1 
[ 2009-09-17T23:06:07+08:00 ] SQL:  RunTime:0.000303s SQL = SELECT * FROM `erp_options` WHERE 1=1 AND id='11' LIMIT 1 
[ 2009-09-17T23:06:11+08:00 ] NOTIC: [8] A session had already been started - ignoring session_start() ~runtime.php 第 2 行.
[ 2009-09-17T23:06:12+08:00 ] SQL:  RunTime:0.058511s SQL = SHOW COLUMNS FROM erp_department
[ 2009-09-17T23:06:12+08:00 ] SQL:  RunTime:0.031508s SQL = SELECT * FROM `erp_department`
[ 2009-09-17T23:06:12+08:00 ] SQL:  RunTime:0.046156s SQL = SHOW COLUMNS FROM erp_staff
[ 2009-09-17T23:06:12+08:00 ] SQL:  RunTime:0.016515s SQL = SELECT * FROM `erp_staff` WHERE 1=1 AND id='1' LIMIT 1 
[ 2009-09-17T23:06:12+08:00 ] SQL:  RunTime:0.007235s SQL = SELECT * FROM `erp_staff` WHERE 1=1 AND id='2' LIMIT 1 
[ 2009-09-17T23:06:12+08:00 ] SQL:  RunTime:0.023266s SQL = SELECT * FROM `erp_staff` WHERE 1=1 AND id='1' LIMIT 1 
[ 2009-09-17T23:06:12+08:00 ] SQL:  RunTime:0.000443s SQL = SELECT * FROM `erp_staff` WHERE 1=1 AND id='2' LIMIT 1 
[ 2009-09-17T23:06:15+08:00 ] NOTIC: [8] A session had already been started - ignoring session_start() ~runtime.php 第 2 行.
[ 2009-09-17T23:06:15+08:00 ] SQL:  RunTime:0.004633s SQL = SHOW COLUMNS FROM erp_department
[ 2009-09-17T23:06:15+08:00 ] SQL:  RunTime:0.011359s SQL = SELECT * FROM `erp_department`
[ 2009-09-17T23:06:15+08:00 ] SQL:  RunTime:0.007403s SQL = SHOW COLUMNS FROM erp_staff
[ 2009-09-17T23:06:15+08:00 ] SQL:  RunTime:0.006248s SQL = SELECT * FROM `erp_staff` WHERE 1=1 AND id='1' LIMIT 1 
[ 2009-09-17T23:06:15+08:00 ] SQL:  RunTime:0.000424s SQL = SELECT * FROM `erp_staff` WHERE 1=1 AND id='2' LIMIT 1 
[ 2009-09-17T23:06:15+08:00 ] SQL:  RunTime:0.000367s SQL = SELECT * FROM `erp_staff` WHERE 1=1 AND id='1' LIMIT 1 
[ 2009-09-17T23:06:15+08:00 ] SQL:  RunTime:0.000387s SQL = SELECT * FROM `erp_staff` WHERE 1=1 AND id='2' LIMIT 1 
[ 2009-09-17T23:07:04+08:00 ] NOTIC: [8] A session had already been started - ignoring session_start() App.class.php 第 66 行.
[ 2009-09-17T23:07:04+08:00 ] SQL:  RunTime:0.013900s SQL = SHOW COLUMNS FROM erp_staff
[ 2009-09-17T23:07:04+08:00 ] SQL:  RunTime:0.023858s SQL = SELECT * FROM `erp_staff`
[ 2009-09-17T23:07:04+08:00 ] SQL:  RunTime:0.023022s SQL = SHOW COLUMNS FROM erp_department
[ 2009-09-17T23:07:04+08:00 ] SQL:  RunTime:0.007531s SQL = SELECT * FROM `erp_department` WHERE 1=1 AND id='1' LIMIT 1 
[ 2009-09-17T23:07:04+08:00 ] SQL:  RunTime:0.005158s SQL = SHOW COLUMNS FROM erp_staff
[ 2009-09-17T23:07:04+08:00 ] SQL:  RunTime:0.007782s SQL = SELECT * FROM `erp_staff` WHERE 1=1 AND id='0' LIMIT 1 
[ 2009-09-17T23:07:04+08:00 ] SQL:  RunTime:0.078656s SQL = SHOW COLUMNS FROM erp_role
[ 2009-09-17T23:07:04+08:00 ] SQL:  RunTime:0.011748s SQL = SELECT b.* FROM erp_staff_role AS a, erp_role AS b WHERE a.role_id = b.id AND a. staff_id='1'
[ 2009-09-17T23:07:04+08:00 ] SQL:  RunTime:0.000391s SQL = SELECT * FROM `erp_department` WHERE 1=1 AND id='4' LIMIT 1 
[ 2009-09-17T23:07:04+08:00 ] SQL:  RunTime:0.000359s SQL = SELECT * FROM `erp_staff` WHERE 1=1 AND id='1' LIMIT 1 
[ 2009-09-17T23:07:04+08:00 ] SQL:  RunTime:0.000264s SQL = SELECT b.* FROM erp_staff_role AS a, erp_role AS b WHERE a.role_id = b.id AND a. staff_id='2'
[ 2009-09-17T23:07:04+08:00 ] SQL:  RunTime:0.000323s SQL = SELECT * FROM `erp_department` WHERE 1=1 AND id='2' LIMIT 1 
[ 2009-09-17T23:07:04+08:00 ] SQL:  RunTime:0.000560s SQL = SELECT * FROM `erp_staff` WHERE 1=1 AND id='1' LIMIT 1 
[ 2009-09-17T23:07:04+08:00 ] SQL:  RunTime:0.000272s SQL = SELECT b.* FROM erp_staff_role AS a, erp_role AS b WHERE a.role_id = b.id AND a. staff_id='3'
[ 2009-09-17T23:07:07+08:00 ] NOTIC: [8] A session had already been started - ignoring session_start() ~runtime.php 第 2 行.
[ 2009-09-17T23:07:07+08:00 ] SQL:  RunTime:0.019198s SQL = SHOW COLUMNS FROM erp_department
[ 2009-09-17T23:07:07+08:00 ] SQL:  RunTime:0.008708s SQL = SELECT * FROM `erp_department`
[ 2009-09-17T23:07:07+08:00 ] SQL:  RunTime:0.008312s SQL = SHOW COLUMNS FROM erp_staff
[ 2009-09-17T23:07:07+08:00 ] SQL:  RunTime:0.003953s SQL = SELECT * FROM `erp_staff` WHERE 1=1 AND id='1' LIMIT 1 
[ 2009-09-17T23:07:07+08:00 ] SQL:  RunTime:0.000434s SQL = SELECT * FROM `erp_staff` WHERE 1=1 AND id='2' LIMIT 1 
[ 2009-09-17T23:07:07+08:00 ] SQL:  RunTime:0.006954s SQL = SELECT * FROM `erp_staff` WHERE 1=1 AND id='1' LIMIT 1 
[ 2009-09-17T23:07:07+08:00 ] SQL:  RunTime:0.000421s SQL = SELECT * FROM `erp_staff` WHERE 1=1 AND id='2' LIMIT 1 
[ 2009-09-17T23:07:17+08:00 ] NOTIC: [8] A session had already been started - ignoring session_start() ~runtime.php 第 2 行.
[ 2009-09-17T23:07:17+08:00 ] SQL:  RunTime:0.016999s SQL = SHOW COLUMNS FROM erp_staff
[ 2009-09-17T23:07:17+08:00 ] SQL:  RunTime:0.009085s SQL = SELECT * FROM `erp_staff`
[ 2009-09-17T23:07:17+08:00 ] SQL:  RunTime:0.004484s SQL = SHOW COLUMNS FROM erp_department
[ 2009-09-17T23:07:17+08:00 ] SQL:  RunTime:0.004058s SQL = SELECT * FROM `erp_department` WHERE 1=1 AND id='1' LIMIT 1 
[ 2009-09-17T23:07:17+08:00 ] SQL:  RunTime:0.022445s SQL = SHOW COLUMNS FROM erp_staff
[ 2009-09-17T23:07:17+08:00 ] SQL:  RunTime:0.003859s SQL = SELECT * FROM `erp_staff` WHERE 1=1 AND id='0' LIMIT 1 
[ 2009-09-17T23:07:17+08:00 ] SQL:  RunTime:0.005069s SQL = SHOW COLUMNS FROM erp_role
[ 2009-09-17T23:07:17+08:00 ] SQL:  RunTime:0.004986s SQL = SELECT b.* FROM erp_staff_role AS a, erp_role AS b WHERE a.role_id = b.id AND a. staff_id='1'
[ 2009-09-17T23:07:17+08:00 ] SQL:  RunTime:0.000380s SQL = SELECT * FROM `erp_department` WHERE 1=1 AND id='4' LIMIT 1 
[ 2009-09-17T23:07:17+08:00 ] SQL:  RunTime:0.000372s SQL = SELECT * FROM `erp_staff` WHERE 1=1 AND id='1' LIMIT 1 
[ 2009-09-17T23:07:17+08:00 ] SQL:  RunTime:0.000297s SQL = SELECT b.* FROM erp_staff_role AS a, erp_role AS b WHERE a.role_id = b.id AND a. staff_id='2'
[ 2009-09-17T23:07:17+08:00 ] SQL:  RunTime:0.000334s SQL = SELECT * FROM `erp_department` WHERE 1=1 AND id='2' LIMIT 1 
[ 2009-09-17T23:07:17+08:00 ] SQL:  RunTime:0.000376s SQL = SELECT * FROM `erp_staff` WHERE 1=1 AND id='1' LIMIT 1 
[ 2009-09-17T23:07:17+08:00 ] SQL:  RunTime:0.000264s SQL = SELECT b.* FROM erp_staff_role AS a, erp_role AS b WHERE a.role_id = b.id AND a. staff_id='3'
[ 2009-09-17T23:07:24+08:00 ] NOTIC: [8] A session had already been started - ignoring session_start() ~runtime.php 第 2 行.
[ 2009-09-17T23:07:24+08:00 ] SQL:  RunTime:0.044600s SQL = SHOW COLUMNS FROM erp_commodity
[ 2009-09-17T23:07:24+08:00 ] SQL:  RunTime:0.024046s SQL = SELECT * FROM `erp_commodity`
[ 2009-09-17T23:07:30+08:00 ] ERR: (ThinkException) 无法加载模块Products
[ 2009-09-17T23:07:36+08:00 ] ERR: (ThinkException) 无法加载模块Products
[ 2009-09-17T23:11:05+08:00 ] NOTIC: [8] A session had already been started - ignoring session_start() ~runtime.php 第 2 行.
[ 2009-09-17T23:11:05+08:00 ] SQL:  RunTime:0.048177s SQL = SHOW COLUMNS FROM erp_node
[ 2009-09-17T23:11:05+08:00 ] SQL:  RunTime:0.067379s SQL = SELECT * FROM `erp_node` WHERE ( `name` = 'Index' ) AND ( `pid` = 0 ) LIMIT 1 
[ 2009-09-17T23:11:05+08:00 ] SQL:  RunTime:0.005283s SQL = SELECT * FROM `erp_node` WHERE ( `name` = 'index' ) AND ( `pid` = '1' ) LIMIT 1 
[ 2009-09-17T23:11:06+08:00 ] SQL:  RunTime:0.000908s SQL = SELECT * FROM `erp_node` WHERE ( `name` = 'Category' ) AND ( `pid` = 0 ) LIMIT 1 
[ 2009-09-17T23:11:06+08:00 ] SQL:  RunTime:0.000971s SQL = SELECT * FROM `erp_node` WHERE ( `name` = 'Commodity' ) AND ( `pid` = 0 ) LIMIT 1 
[ 2009-09-17T23:11:06+08:00 ] SQL:  RunTime:0.009564s SQL = SHOW COLUMNS FROM erp_commodity
[ 2009-09-17T23:11:06+08:00 ] SQL:  RunTime:0.028431s SQL = SELECT * FROM `erp_node` WHERE ( `name` = 'Dept' ) AND ( `pid` = 0 ) LIMIT 1 
[ 2009-09-17T23:11:06+08:00 ] SQL:  RunTime:0.027373s SQL = SHOW COLUMNS FROM erp_department
[ 2009-09-17T23:11:06+08:00 ] SQL:  RunTime:0.008266s SQL = SELECT * FROM `erp_node` WHERE ( `name` = 'Goods' ) AND ( `pid` = 0 ) LIMIT 1 
[ 2009-09-17T23:11:06+08:00 ] SQL:  RunTime:0.001389s SQL = SELECT * FROM `erp_node` WHERE ( `name` = 'Node' ) AND ( `pid` = 0 ) LIMIT 1 
[ 2009-09-17T23:11:06+08:00 ] SQL:  RunTime:0.000918s SQL = SELECT * FROM `erp_node` WHERE ( `name` = 'Role' ) AND ( `pid` = 0 ) LIMIT 1 
[ 2009-09-17T23:11:06+08:00 ] SQL:  RunTime:0.037651s SQL = SHOW COLUMNS FROM erp_role
[ 2009-09-17T23:11:06+08:00 ] SQL:  RunTime:0.015562s SQL = SELECT * FROM `erp_node` WHERE ( `name` = 'index' ) AND ( `pid` = '6' ) LIMIT 1 
[ 2009-09-17T23:11:06+08:00 ] SQL:  RunTime:0.000787s SQL = SELECT * FROM `erp_node` WHERE ( `name` = 'add' ) AND ( `pid` = '6' ) LIMIT 1 
[ 2009-09-17T23:11:06+08:00 ] SQL:  RunTime:0.014468s SQL = SELECT * FROM `erp_node` WHERE ( `name` = 'edit' ) AND ( `pid` = '6' ) LIMIT 1 
[ 2009-09-17T23:11:06+08:00 ] SQL:  RunTime:0.001153s SQL = SELECT * FROM `erp_node` WHERE ( `name` = 'update' ) AND ( `pid` = '6' ) LIMIT 1 
[ 2009-09-17T23:11:06+08:00 ] SQL:  RunTime:0.000830s SQL = SELECT * FROM `erp_node` WHERE ( `name` = 'delete' ) AND ( `pid` = '6' ) LIMIT 1 
[ 2009-09-17T23:11:06+08:00 ] SQL:  RunTime:0.000887s SQL = SELECT * FROM `erp_node` WHERE ( `name` = 'Staff' ) AND ( `pid` = 0 ) LIMIT 1 
[ 2009-09-17T23:11:06+08:00 ] SQL:  RunTime:0.028702s SQL = SHOW COLUMNS FROM erp_staff
[ 2009-09-17T23:11:06+08:00 ] SQL:  RunTime:0.024506s SQL = SELECT * FROM `erp_node` WHERE ( `name` = 'Supplier' ) AND ( `pid` = 0 ) LIMIT 1 
[ 2009-09-17T23:11:06+08:00 ] SQL:  RunTime:0.028029s SQL = SHOW COLUMNS FROM erp_supplier
[ 2009-09-17T23:11:06+08:00 ] SQL:  RunTime:0.027399s SQL = SELECT * FROM `erp_node` WHERE ( `name` = 'User' ) AND ( `pid` = 0 ) LIMIT 1 
[ 2009-09-17T23:11:06+08:00 ] SQL:  RunTime:0.000969s SQL = SELECT * FROM `erp_node` WHERE ( `name` = 'index' ) AND ( `pid` = '3' ) LIMIT 1 
[ 2009-09-17T23:11:06+08:00 ] SQL:  RunTime:0.003665s SQL = SELECT * FROM `erp_node` WHERE ( `name` = 'add' ) AND ( `pid` = '3' ) LIMIT 1 
[ 2009-09-17T23:11:06+08:00 ] SQL:  RunTime:0.000949s SQL = SELECT * FROM `erp_node` WHERE ( `name` = 'edit' ) AND ( `pid` = '3' ) LIMIT 1 
[ 2009-09-17T23:11:06+08:00 ] SQL:  RunTime:0.000758s SQL = SELECT * FROM `erp_node` WHERE ( `name` = 'update' ) AND ( `pid` = '3' ) LIMIT 1 
[ 2009-09-17T23:11:06+08:00 ] SQL:  RunTime:0.000712s SQL = SELECT * FROM `erp_node` WHERE ( `name` = 'delete' ) AND ( `pid` = '3' ) LIMIT 1 
[ 2009-09-17T23:11:06+08:00 ] NOTIC: [8] Undefined variable: topnavi NodeAction.class.php 第 89 行.
[ 2009-09-17T23:11:06+08:00 ] NOTIC: [8] Undefined variable: app 2d88eea218cad5d72301be540892beca.php 第 9 行.
[ 2009-09-17T23:11:06+08:00 ] NOTIC: [8] Undefined variable: app 2d88eea218cad5d72301be540892beca.php 第 9 行.
[ 2009-09-17T23:11:06+08:00 ] NOTIC: [8] Undefined variable: app 2d88eea218cad5d72301be540892beca.php 第 9 行.
[ 2009-09-17T23:11:06+08:00 ] NOTIC: [8] Undefined variable: app 2d88eea218cad5d72301be540892beca.php 第 9 行.
[ 2009-09-17T23:11:06+08:00 ] NOTIC: [8] Undefined variable: app 2d88eea218cad5d72301be540892beca.php 第 9 行.
[ 2009-09-17T23:11:06+08:00 ] NOTIC: [8] Undefined variable: app 2d88eea218cad5d72301be540892beca.php 第 9 行.
[ 2009-09-17T23:11:06+08:00 ] NOTIC: [8] Undefined variable: app 2d88eea218cad5d72301be540892beca.php 第 9 行.
[ 2009-09-17T23:11:06+08:00 ] NOTIC: [8] Undefined variable: app 2d88eea218cad5d72301be540892beca.php 第 9 行.
[ 2009-09-17T23:11:06+08:00 ] NOTIC: [8] Undefined variable: app 2d88eea218cad5d72301be540892beca.php 第 9 行.
[ 2009-09-17T23:11:06+08:00 ] NOTIC: [8] Undefined variable: app 2d88eea218cad5d72301be540892beca.php 第 9 行.
[ 2009-09-17T23:11:49+08:00 ] NOTIC: [8] A session had already been started - ignoring session_start() ~runtime.php 第 2 行.
[ 2009-09-17T23:11:49+08:00 ] SQL:  RunTime:0.074435s SQL = SHOW COLUMNS FROM erp_role
[ 2009-09-17T23:11:50+08:00 ] SQL:  RunTime:0.031767s SQL = SELECT * FROM `erp_role`
[ 2009-09-17T23:11:50+08:00 ] SQL:  RunTime:0.042407s SQL = SHOW COLUMNS FROM erp_node
[ 2009-09-17T23:11:50+08:00 ] SQL:  RunTime:0.007698s SQL = SELECT b.* FROM erp_role_node AS a, erp_node AS b WHERE a.node_id = b.id AND a. role_id='1' AND pid=0
[ 2009-09-17T23:11:50+08:00 ] SQL:  RunTime:0.000502s SQL = select node.* from erp_node as node,erp_role_node as role_node where role_node.role_id=1 and role_node.node_id=node.id and node.pid=1
[ 2009-09-17T23:11:50+08:00 ] SQL:  RunTime:0.000291s SQL = select node.* from erp_node as node,erp_role_node as role_node where role_node.role_id=1 and role_node.node_id=node.id and node.pid=3
[ 2009-09-17T23:11:50+08:00 ] SQL:  RunTime:0.000280s SQL = select node.* from erp_node as node,erp_role_node as role_node where role_node.role_id=1 and role_node.node_id=node.id and node.pid=6
[ 2009-09-17T23:11:50+08:00 ] SQL:  RunTime:0.052511s SQL = SHOW COLUMNS FROM erp_node
[ 2009-09-17T23:11:50+08:00 ] NOTIC: [8] Undefined variable: topnavi RoleAction.class.php 第 64 行.
[ 2009-09-17T23:11:50+08:00 ] SQL:  RunTime:0.020706s SQL = SELECT * FROM `erp_node` WHERE ( `level` = 2 )
[ 2009-09-17T23:11:50+08:00 ] SQL:  RunTime:0.003883s SQL = SELECT * FROM `erp_node` WHERE 1=1 AND pid='1'
[ 2009-09-17T23:11:50+08:00 ] SQL:  RunTime:0.027553s SQL = SELECT * FROM `erp_node` WHERE 1=1 AND pid='3'
[ 2009-09-17T23:11:50+08:00 ] SQL:  RunTime:0.000471s SQL = SELECT * FROM `erp_node` WHERE 1=1 AND pid='6'
[ 2009-09-17T23:11:50+08:00 ] NOTIC: [8] Undefined variable: role_info dedd7bfea8fe144d7a552c29e158a4f4.php 第 26 行.
[ 2009-09-17T23:11:50+08:00 ] NOTIC: [8] Undefined variable: role_info dedd7bfea8fe144d7a552c29e158a4f4.php 第 27 行.
[ 2009-09-17T23:11:50+08:00 ] NOTIC: [8] Undefined variable: role_info dedd7bfea8fe144d7a552c29e158a4f4.php 第 32 行.
[ 2009-09-17T23:11:50+08:00 ] NOTIC: [8] Undefined variable: role_info dedd7bfea8fe144d7a552c29e158a4f4.php 第 32 行.
[ 2009-09-17T23:11:50+08:00 ] NOTIC: [8] Undefined variable: role_info dedd7bfea8fe144d7a552c29e158a4f4.php 第 37 行.
[ 2009-09-17T23:11:50+08:00 ] NOTIC: [8] Undefined variable: role_info dedd7bfea8fe144d7a552c29e158a4f4.php 第 37 行.
[ 2009-09-17T23:11:50+08:00 ] NOTIC: [8] Undefined variable: role_info dedd7bfea8fe144d7a552c29e158a4f4.php 第 32 行.
[ 2009-09-17T23:11:50+08:00 ] NOTIC: [8] Undefined variable: role_info dedd7bfea8fe144d7a552c29e158a4f4.php 第 37 行.
[ 2009-09-17T23:20:06+08:00 ] NOTIC: [8] A session had already been started - ignoring session_start() ~runtime.php 第 2 行.
[ 2009-09-17T23:20:09+08:00 ] NOTIC: [8] A session had already been started - ignoring session_start() ~runtime.php 第 2 行.
[ 2009-09-17T23:20:09+08:00 ] SQL:  RunTime:0.009020s SQL = SHOW COLUMNS FROM erp_supplier
[ 2009-09-17T23:20:09+08:00 ] SQL:  RunTime:0.004036s SQL = SELECT * FROM `erp_supplier`
[ 2009-09-17T23:20:09+08:00 ] SQL:  RunTime:0.011860s SQL = SHOW COLUMNS FROM erp_options
[ 2009-09-17T23:20:09+08:00 ] SQL:  RunTime:0.004319s SQL = SELECT * FROM `erp_options` WHERE 1=1 AND id='2' LIMIT 1 
[ 2009-09-17T23:20:09+08:00 ] SQL:  RunTime:0.000379s SQL = SELECT * FROM `erp_options` WHERE 1=1 AND id='13' LIMIT 1 
[ 2009-09-17T23:20:09+08:00 ] SQL:  RunTime:0.000322s SQL = SELECT * FROM `erp_options` WHERE 1=1 AND id='3' LIMIT 1 
[ 2009-09-17T23:20:09+08:00 ] SQL:  RunTime:0.000311s SQL = SELECT * FROM `erp_options` WHERE 1=1 AND id='11' LIMIT 1 
[ 2009-09-17T23:20:12+08:00 ] NOTIC: [8] A session had already been started - ignoring session_start() ~runtime.php 第 2 行.
[ 2009-09-17T23:20:12+08:00 ] SQL:  RunTime:0.008460s SQL = SHOW COLUMNS FROM erp_staff
[ 2009-09-17T23:20:12+08:00 ] SQL:  RunTime:0.004359s SQL = SELECT * FROM `erp_staff`
[ 2009-09-17T23:20:12+08:00 ] SQL:  RunTime:0.006742s SQL = SHOW COLUMNS FROM erp_department
[ 2009-09-17T23:20:12+08:00 ] SQL:  RunTime:0.007699s SQL = SELECT * FROM `erp_department` WHERE 1=1 AND id='1' LIMIT 1 
[ 2009-09-17T23:20:12+08:00 ] SQL:  RunTime:0.007169s SQL = SHOW COLUMNS FROM erp_staff
[ 2009-09-17T23:20:12+08:00 ] SQL:  RunTime:0.004660s SQL = SELECT * FROM `erp_staff` WHERE 1=1 AND id='0' LIMIT 1 
[ 2009-09-17T23:20:12+08:00 ] SQL:  RunTime:0.004423s SQL = SHOW COLUMNS FROM erp_role
[ 2009-09-17T23:20:12+08:00 ] SQL:  RunTime:0.010258s SQL = SELECT b.* FROM erp_staff_role AS a, erp_role AS b WHERE a.role_id = b.id AND a. staff_id='1'
[ 2009-09-17T23:20:12+08:00 ] SQL:  RunTime:0.000480s SQL = SELECT * FROM `erp_department` WHERE 1=1 AND id='4' LIMIT 1 
[ 2009-09-17T23:20:12+08:00 ] SQL:  RunTime:0.000380s SQL = SELECT * FROM `erp_staff` WHERE 1=1 AND id='1' LIMIT 1 
[ 2009-09-17T23:20:12+08:00 ] SQL:  RunTime:0.000282s SQL = SELECT b.* FROM erp_staff_role AS a, erp_role AS b WHERE a.role_id = b.id AND a. staff_id='2'
[ 2009-09-17T23:20:12+08:00 ] SQL:  RunTime:0.000330s SQL = SELECT * FROM `erp_department` WHERE 1=1 AND id='2' LIMIT 1 
[ 2009-09-17T23:20:12+08:00 ] SQL:  RunTime:0.000354s SQL = SELECT * FROM `erp_staff` WHERE 1=1 AND id='1' LIMIT 1 
[ 2009-09-17T23:20:12+08:00 ] SQL:  RunTime:0.000294s SQL = SELECT b.* FROM erp_staff_role AS a, erp_role AS b WHERE a.role_id = b.id AND a. staff_id='3'
[ 2009-09-17T23:20:15+08:00 ] NOTIC: [8] A session had already been started - ignoring session_start() ~runtime.php 第 2 行.
[ 2009-09-17T23:20:15+08:00 ] SQL:  RunTime:0.010084s SQL = SHOW COLUMNS FROM erp_staff
[ 2009-09-17T23:20:15+08:00 ] SQL:  RunTime:0.011793s SQL = SHOW COLUMNS FROM erp_department
[ 2009-09-17T23:20:15+08:00 ] SQL:  RunTime:0.007397s SQL = SELECT * FROM `erp_staff` WHERE id='2' LIMIT 1 
[ 2009-09-17T23:20:15+08:00 ] SQL:  RunTime:0.005859s SQL = SHOW COLUMNS FROM erp_department
[ 2009-09-17T23:20:15+08:00 ] SQL:  RunTime:0.003772s SQL = SELECT * FROM `erp_department` WHERE 1=1 AND id='4' LIMIT 1 
[ 2009-09-17T23:20:15+08:00 ] SQL:  RunTime:0.005155s SQL = SHOW COLUMNS FROM erp_staff
[ 2009-09-17T23:20:15+08:00 ] SQL:  RunTime:0.003813s SQL = SELECT * FROM `erp_staff` WHERE 1=1 AND id='1' LIMIT 1 
[ 2009-09-17T23:20:15+08:00 ] SQL:  RunTime:0.007977s SQL = SHOW COLUMNS FROM erp_role
[ 2009-09-17T23:20:15+08:00 ] SQL:  RunTime:0.011066s SQL = SELECT b.* FROM erp_staff_role AS a, erp_role AS b WHERE a.role_id = b.id AND a. staff_id='2'
[ 2009-09-17T23:20:15+08:00 ] SQL:  RunTime:0.000755s SQL = SELECT * FROM `erp_department`
[ 2009-09-17T23:20:15+08:00 ] SQL:  RunTime:0.000383s SQL = SELECT * FROM `erp_staff` WHERE ( `is_leader` = 1 )
[ 2009-09-17T23:20:15+08:00 ] NOTIC: [8] Undefined index:  role_chks b5b6e8763722867e98583d04fc2e253c.php 第 35 行.
[ 2009-09-17T23:20:59+08:00 ] NOTIC: [8] A session had already been started - ignoring session_start() ~runtime.php 第 2 行.
[ 2009-09-17T23:21:24+08:00 ] NOTIC: [8] A session had already been started - ignoring session_start() ~runtime.php 第 2 行.
[ 2009-09-17T23:21:31+08:00 ] NOTIC: [8] A session had already been started - ignoring session_start() ~runtime.php 第 2 行.
[ 2009-09-17T23:21:31+08:00 ] SQL:  RunTime:0.014845s SQL = SHOW COLUMNS FROM erp_supplier
[ 2009-09-17T23:21:32+08:00 ] SQL:  RunTime:0.014237s SQL = SELECT * FROM `erp_supplier`
[ 2009-09-17T23:21:32+08:00 ] SQL:  RunTime:0.004411s SQL = SHOW COLUMNS FROM erp_options
[ 2009-09-17T23:21:32+08:00 ] SQL:  RunTime:0.004269s SQL = SELECT * FROM `erp_options` WHERE 1=1 AND id='2' LIMIT 1 
[ 2009-09-17T23:21:32+08:00 ] SQL:  RunTime:0.000384s SQL = SELECT * FROM `erp_options` WHERE 1=1 AND id='13' LIMIT 1 
[ 2009-09-17T23:21:32+08:00 ] SQL:  RunTime:0.000328s SQL = SELECT * FROM `erp_options` WHERE 1=1 AND id='3' LIMIT 1 
[ 2009-09-17T23:21:32+08:00 ] SQL:  RunTime:0.002414s SQL = SELECT * FROM `erp_options` WHERE 1=1 AND id='11' LIMIT 1 
[ 2009-09-17T23:21:42+08:00 ] NOTIC: [8] A session had already been started - ignoring session_start() ~runtime.php 第 2 行.
[ 2009-09-17T23:21:42+08:00 ] SQL:  RunTime:0.006185s SQL = SHOW COLUMNS FROM erp_staff
[ 2009-09-17T23:21:42+08:00 ] SQL:  RunTime:0.010555s SQL = SELECT * FROM `erp_staff`
[ 2009-09-17T23:21:42+08:00 ] SQL:  RunTime:0.004863s SQL = SHOW COLUMNS FROM erp_department
[ 2009-09-17T23:21:42+08:00 ] SQL:  RunTime:0.003932s SQL = SELECT * FROM `erp_department` WHERE 1=1 AND id='1' LIMIT 1 
[ 2009-09-17T23:21:42+08:00 ] SQL:  RunTime:0.005261s SQL = SHOW COLUMNS FROM erp_staff
[ 2009-09-17T23:21:42+08:00 ] SQL:  RunTime:0.006575s SQL = SELECT * FROM `erp_staff` WHERE 1=1 AND id='0' LIMIT 1 
[ 2009-09-17T23:21:42+08:00 ] SQL:  RunTime:0.007410s SQL = SHOW COLUMNS FROM erp_role
[ 2009-09-17T23:21:42+08:00 ] SQL:  RunTime:0.003600s SQL = SELECT b.* FROM erp_staff_role AS a, erp_role AS b WHERE a.role_id = b.id AND a. staff_id='1'
[ 2009-09-17T23:21:42+08:00 ] SQL:  RunTime:0.000391s SQL = SELECT * FROM `erp_department` WHERE 1=1 AND id='4' LIMIT 1 
[ 2009-09-17T23:21:42+08:00 ] SQL:  RunTime:0.000369s SQL = SELECT * FROM `erp_staff` WHERE 1=1 AND id='1' LIMIT 1 
[ 2009-09-17T23:21:42+08:00 ] SQL:  RunTime:0.000285s SQL = SELECT b.* FROM erp_staff_role AS a, erp_role AS b WHERE a.role_id = b.id AND a. staff_id='2'
[ 2009-09-17T23:21:42+08:00 ] SQL:  RunTime:0.000318s SQL = SELECT * FROM `erp_department` WHERE 1=1 AND id='2' LIMIT 1 
[ 2009-09-17T23:21:42+08:00 ] SQL:  RunTime:0.000348s SQL = SELECT * FROM `erp_staff` WHERE 1=1 AND id='1' LIMIT 1 
[ 2009-09-17T23:21:42+08:00 ] SQL:  RunTime:0.001403s SQL = SELECT b.* FROM erp_staff_role AS a, erp_role AS b WHERE a.role_id = b.id AND a. staff_id='3'
[ 2009-09-17T23:21:47+08:00 ] NOTIC: [8] A session had already been started - ignoring session_start() ~runtime.php 第 2 行.
[ 2009-09-17T23:21:47+08:00 ] SQL:  RunTime:0.009986s SQL = SHOW COLUMNS FROM erp_staff
[ 2009-09-17T23:21:47+08:00 ] SQL:  RunTime:0.007995s SQL = SHOW COLUMNS FROM erp_department
[ 2009-09-17T23:21:48+08:00 ] SQL:  RunTime:0.009568s SQL = SELECT * FROM `erp_staff` WHERE id='2' LIMIT 1 
[ 2009-09-17T23:21:48+08:00 ] SQL:  RunTime:0.008291s SQL = SHOW COLUMNS FROM erp_department
[ 2009-09-17T23:21:48+08:00 ] SQL:  RunTime:0.007566s SQL = SELECT * FROM `erp_department` WHERE 1=1 AND id='4' LIMIT 1 
[ 2009-09-17T23:21:48+08:00 ] SQL:  RunTime:0.005531s SQL = SHOW COLUMNS FROM erp_staff
[ 2009-09-17T23:21:48+08:00 ] SQL:  RunTime:0.003841s SQL = SELECT * FROM `erp_staff` WHERE 1=1 AND id='1' LIMIT 1 
[ 2009-09-17T23:21:48+08:00 ] SQL:  RunTime:0.004623s SQL = SHOW COLUMNS FROM erp_role
[ 2009-09-17T23:21:48+08:00 ] SQL:  RunTime:0.009048s SQL = SELECT b.* FROM erp_staff_role AS a, erp_role AS b WHERE a.role_id = b.id AND a. staff_id='2'
[ 2009-09-17T23:21:48+08:00 ] SQL:  RunTime:0.000368s SQL = SELECT * FROM `erp_department`
[ 2009-09-17T23:21:48+08:00 ] SQL:  RunTime:0.000370s SQL = SELECT * FROM `erp_staff` WHERE ( `is_leader` = 1 )
[ 2009-09-17T23:21:48+08:00 ] NOTIC: [8] Undefined index:  role_chks b5b6e8763722867e98583d04fc2e253c.php 第 35 行.
[ 2009-09-17T23:22:41+08:00 ] NOTIC: [8] A session had already been started - ignoring session_start() ~runtime.php 第 2 行.
[ 2009-09-17T23:22:41+08:00 ] SQL:  RunTime:0.009660s SQL = SHOW COLUMNS FROM erp_staff
[ 2009-09-17T23:22:41+08:00 ] SQL:  RunTime:0.012882s SQL = SHOW COLUMNS FROM erp_department
[ 2009-09-17T23:22:41+08:00 ] SQL:  RunTime:0.007319s SQL = SELECT * FROM `erp_staff` WHERE id='2' LIMIT 1 
[ 2009-09-17T23:22:41+08:00 ] SQL:  RunTime:0.004943s SQL = SHOW COLUMNS FROM erp_department
[ 2009-09-17T23:22:41+08:00 ] SQL:  RunTime:0.005932s SQL = SELECT * FROM `erp_department` WHERE 1=1 AND id='4' LIMIT 1 
[ 2009-09-17T23:22:41+08:00 ] SQL:  RunTime:0.007816s SQL = SHOW COLUMNS FROM erp_staff
[ 2009-09-17T23:22:41+08:00 ] SQL:  RunTime:0.005809s SQL = SELECT * FROM `erp_staff` WHERE 1=1 AND id='1' LIMIT 1 
[ 2009-09-17T23:22:41+08:00 ] SQL:  RunTime:0.007937s SQL = SHOW COLUMNS FROM erp_role
[ 2009-09-17T23:22:41+08:00 ] SQL:  RunTime:0.007048s SQL = SELECT b.* FROM erp_staff_role AS a, erp_role AS b WHERE a.role_id = b.id AND a. staff_id='2'
[ 2009-09-17T23:22:41+08:00 ] SQL:  RunTime:0.000593s SQL = SELECT * FROM `erp_department`
[ 2009-09-17T23:22:41+08:00 ] SQL:  RunTime:0.000398s SQL = SELECT * FROM `erp_staff` WHERE ( `is_leader` = 1 )
[ 2009-09-17T23:22:41+08:00 ] NOTIC: [8] Undefined index:  role_chks b5b6e8763722867e98583d04fc2e253c.php 第 35 行.
[ 2009-09-17T23:23:14+08:00 ] NOTIC: [8] A session had already been started - ignoring session_start() ~runtime.php 第 2 行.
[ 2009-09-17T23:23:14+08:00 ] SQL:  RunTime:0.007883s SQL = SHOW COLUMNS FROM erp_staff
[ 2009-09-17T23:23:14+08:00 ] SQL:  RunTime:0.007319s SQL = SHOW COLUMNS FROM erp_department
[ 2009-09-17T23:23:14+08:00 ] SQL:  RunTime:0.003980s SQL = SELECT * FROM `erp_staff` WHERE id='2' LIMIT 1 
[ 2009-09-17T23:23:14+08:00 ] SQL:  RunTime:0.007276s SQL = SHOW COLUMNS FROM erp_department
[ 2009-09-17T23:23:14+08:00 ] SQL:  RunTime:0.008772s SQL = SELECT * FROM `erp_department` WHERE 1=1 AND id='4' LIMIT 1 
[ 2009-09-17T23:23:14+08:00 ] SQL:  RunTime:0.006955s SQL = SHOW COLUMNS FROM erp_staff
[ 2009-09-17T23:23:14+08:00 ] SQL:  RunTime:0.010993s SQL = SELECT * FROM `erp_staff` WHERE 1=1 AND id='1' LIMIT 1 
[ 2009-09-17T23:23:14+08:00 ] SQL:  RunTime:0.005290s SQL = SHOW COLUMNS FROM erp_role
[ 2009-09-17T23:23:14+08:00 ] NOTIC: [8] Undefined index:  relation_foreign_key RelationModel.class.php 第 203 行.
[ 2009-09-17T23:23:14+08:00 ] NOTIC: [8] Undefined index:  relation_table RelationModel.class.php 第 204 行.
[ 2009-09-17T23:23:14+08:00 ] SQL:  RunTime:0.151956s SQL = SELECT b.* FROM erp_staff_role AS a, erp_role AS b WHERE a.Role_id = b.id AND a. staff_id='2'
[ 2009-09-17T23:23:14+08:00 ] SQL:  RunTime:0.000550s SQL = SELECT * FROM `erp_department`
[ 2009-09-17T23:23:14+08:00 ] SQL:  RunTime:0.000369s SQL = SELECT * FROM `erp_staff` WHERE ( `is_leader` = 1 )
[ 2009-09-17T23:23:14+08:00 ] NOTIC: [8] Undefined index:  role_chks b5b6e8763722867e98583d04fc2e253c.php 第 35 行.
[ 2009-09-17T23:29:20+08:00 ] NOTIC: [8] A session had already been started - ignoring session_start() ~runtime.php 第 2 行.
[ 2009-09-17T23:29:20+08:00 ] SQL:  RunTime:0.004970s SQL = SHOW COLUMNS FROM erp_node
[ 2009-09-17T23:29:21+08:00 ] SQL:  RunTime:0.014379s SQL = SELECT * FROM `erp_node` WHERE ( `name` = 'Index' ) AND ( `pid` = 0 ) LIMIT 1 
[ 2009-09-17T23:29:21+08:00 ] SQL:  RunTime:0.000500s SQL = SELECT * FROM `erp_node` WHERE ( `name` = 'index' ) AND ( `pid` = '1' ) LIMIT 1 
[ 2009-09-17T23:29:21+08:00 ] SQL:  RunTime:0.000454s SQL = SELECT * FROM `erp_node` WHERE ( `name` = 'Category' ) AND ( `pid` = 0 ) LIMIT 1 
[ 2009-09-17T23:29:21+08:00 ] SQL:  RunTime:0.000471s SQL = SELECT * FROM `erp_node` WHERE ( `name` = 'Commodity' ) AND ( `pid` = 0 ) LIMIT 1 
[ 2009-09-17T23:29:21+08:00 ] SQL:  RunTime:0.005653s SQL = SHOW COLUMNS FROM erp_commodity
[ 2009-09-17T23:29:21+08:00 ] SQL:  RunTime:0.009832s SQL = SELECT * FROM `erp_node` WHERE ( `name` = 'Dept' ) AND ( `pid` = 0 ) LIMIT 1 
[ 2009-09-17T23:29:21+08:00 ] SQL:  RunTime:0.007793s SQL = SHOW COLUMNS FROM erp_department
[ 2009-09-17T23:29:21+08:00 ] SQL:  RunTime:0.004321s SQL = SELECT * FROM `erp_node` WHERE ( `name` = 'Goods' ) AND ( `pid` = 0 ) LIMIT 1 
[ 2009-09-17T23:29:21+08:00 ] SQL:  RunTime:0.000665s SQL = SELECT * FROM `erp_node` WHERE ( `name` = 'Node' ) AND ( `pid` = 0 ) LIMIT 1 
[ 2009-09-17T23:29:21+08:00 ] SQL:  RunTime:0.005569s SQL = SELECT * FROM `erp_node` WHERE ( `name` = 'Role' ) AND ( `pid` = 0 ) LIMIT 1 
[ 2009-09-17T23:29:21+08:00 ] SQL:  RunTime:0.005124s SQL = SHOW COLUMNS FROM erp_role
[ 2009-09-17T23:29:21+08:00 ] SQL:  RunTime:0.009920s SQL = SELECT * FROM `erp_node` WHERE ( `name` = 'index' ) AND ( `pid` = '6' ) LIMIT 1 
[ 2009-09-17T23:29:21+08:00 ] SQL:  RunTime:0.000430s SQL = SELECT * FROM `erp_node` WHERE ( `name` = 'add' ) AND ( `pid` = '6' ) LIMIT 1 
[ 2009-09-17T23:29:21+08:00 ] SQL:  RunTime:0.000310s SQL = SELECT * FROM `erp_node` WHERE ( `name` = 'edit' ) AND ( `pid` = '6' ) LIMIT 1 
[ 2009-09-17T23:29:21+08:00 ] SQL:  RunTime:0.000334s SQL = SELECT * FROM `erp_node` WHERE ( `name` = 'update' ) AND ( `pid` = '6' ) LIMIT 1 
[ 2009-09-17T23:29:21+08:00 ] SQL:  RunTime:0.000307s SQL = SELECT * FROM `erp_node` WHERE ( `name` = 'delete' ) AND ( `pid` = '6' ) LIMIT 1 
[ 2009-09-17T23:29:21+08:00 ] SQL:  RunTime:0.000396s SQL = SELECT * FROM `erp_node` WHERE ( `name` = 'Staff' ) AND ( `pid` = 0 ) LIMIT 1 
[ 2009-09-17T23:29:21+08:00 ] SQL:  RunTime:0.010757s SQL = SHOW COLUMNS FROM erp_staff
[ 2009-09-17T23:29:21+08:00 ] SQL:  RunTime:0.008724s SQL = SELECT * FROM `erp_node` WHERE ( `name` = 'Supplier' ) AND ( `pid` = 0 ) LIMIT 1 
[ 2009-09-17T23:29:21+08:00 ] SQL:  RunTime:0.009523s SQL = SHOW COLUMNS FROM erp_supplier
[ 2009-09-17T23:29:21+08:00 ] SQL:  RunTime:0.007486s SQL = SELECT * FROM `erp_node` WHERE ( `name` = 'User' ) AND ( `pid` = 0 ) LIMIT 1 
[ 2009-09-17T23:29:21+08:00 ] SQL:  RunTime:0.000525s SQL = SELECT * FROM `erp_node` WHERE ( `name` = 'index' ) AND ( `pid` = '3' ) LIMIT 1 
[ 2009-09-17T23:29:21+08:00 ] SQL:  RunTime:0.000697s SQL = SELECT * FROM `erp_node` WHERE ( `name` = 'add' ) AND ( `pid` = '3' ) LIMIT 1 
[ 2009-09-17T23:29:21+08:00 ] SQL:  RunTime:0.000433s SQL = SELECT * FROM `erp_node` WHERE ( `name` = 'edit' ) AND ( `pid` = '3' ) LIMIT 1 
[ 2009-09-17T23:29:21+08:00 ] SQL:  RunTime:0.000323s SQL = SELECT * FROM `erp_node` WHERE ( `name` = 'update' ) AND ( `pid` = '3' ) LIMIT 1 
[ 2009-09-17T23:29:21+08:00 ] SQL:  RunTime:0.000320s SQL = SELECT * FROM `erp_node` WHERE ( `name` = 'delete' ) AND ( `pid` = '3' ) LIMIT 1 
[ 2009-09-17T23:29:21+08:00 ] NOTIC: [8] Undefined variable: topnavi NodeAction.class.php 第 89 行.
[ 2009-09-17T23:29:21+08:00 ] NOTIC: [8] Undefined variable: app 2d88eea218cad5d72301be540892beca.php 第 9 行.
[ 2009-09-17T23:29:21+08:00 ] NOTIC: [8] Undefined variable: app 2d88eea218cad5d72301be540892beca.php 第 9 行.
[ 2009-09-17T23:29:21+08:00 ] NOTIC: [8] Undefined variable: app 2d88eea218cad5d72301be540892beca.php 第 9 行.
[ 2009-09-17T23:29:21+08:00 ] NOTIC: [8] Undefined variable: app 2d88eea218cad5d72301be540892beca.php 第 9 行.
[ 2009-09-17T23:29:21+08:00 ] NOTIC: [8] Undefined variable: app 2d88eea218cad5d72301be540892beca.php 第 9 行.
[ 2009-09-17T23:29:21+08:00 ] NOTIC: [8] Undefined variable: app 2d88eea218cad5d72301be540892beca.php 第 9 行.
[ 2009-09-17T23:29:21+08:00 ] NOTIC: [8] Undefined variable: app 2d88eea218cad5d72301be540892beca.php 第 9 行.
[ 2009-09-17T23:29:21+08:00 ] NOTIC: [8] Undefined variable: app 2d88eea218cad5d72301be540892beca.php 第 9 行.
[ 2009-09-17T23:29:21+08:00 ] NOTIC: [8] Undefined variable: app 2d88eea218cad5d72301be540892beca.php 第 9 行.
[ 2009-09-17T23:29:21+08:00 ] NOTIC: [8] Undefined variable: app 2d88eea218cad5d72301be540892beca.php 第 9 行.
[ 2009-09-17T23:33:20+08:00 ] NOTIC: [8] A session had already been started - ignoring session_start() ~runtime.php 第 2 行.
[ 2009-09-17T23:33:20+08:00 ] SQL:  RunTime:0.007728s SQL = SHOW COLUMNS FROM erp_node
[ 2009-09-17T23:33:21+08:00 ] SQL:  RunTime:0.007783s SQL = SELECT * FROM `erp_node` WHERE ( `name` = 'Index' ) AND ( `pid` = 0 ) LIMIT 1 
[ 2009-09-17T23:33:21+08:00 ] SQL:  RunTime:0.000942s SQL = SELECT * FROM `erp_node` WHERE ( `name` = 'index' ) AND ( `pid` = '1' ) LIMIT 1 
[ 2009-09-17T23:33:21+08:00 ] SQL:  RunTime:0.002756s SQL = SELECT * FROM `erp_node` WHERE ( `name` = 'Category' ) AND ( `pid` = 0 ) LIMIT 1 
[ 2009-09-17T23:33:21+08:00 ] SQL:  RunTime:0.000500s SQL = SELECT * FROM `erp_node` WHERE ( `name` = 'Commodity' ) AND ( `pid` = 0 ) LIMIT 1 
[ 2009-09-17T23:33:21+08:00 ] SQL:  RunTime:0.010056s SQL = SHOW COLUMNS FROM erp_commodity
[ 2009-09-17T23:33:21+08:00 ] SQL:  RunTime:0.008556s SQL = SELECT * FROM `erp_node` WHERE ( `name` = 'Dept' ) AND ( `pid` = 0 ) LIMIT 1 
[ 2009-09-17T23:33:21+08:00 ] SQL:  RunTime:0.016692s SQL = SHOW COLUMNS FROM erp_department
[ 2009-09-17T23:33:21+08:00 ] SQL:  RunTime:0.004628s SQL = SELECT * FROM `erp_node` WHERE ( `name` = 'Goods' ) AND ( `pid` = 0 ) LIMIT 1 
[ 2009-09-17T23:33:21+08:00 ] SQL:  RunTime:0.000502s SQL = SELECT * FROM `erp_node` WHERE ( `name` = 'Node' ) AND ( `pid` = 0 ) LIMIT 1 
[ 2009-09-17T23:33:21+08:00 ] SQL:  RunTime:0.005535s SQL = SELECT * FROM `erp_node` WHERE ( `name` = 'Role' ) AND ( `pid` = 0 ) LIMIT 1 
[ 2009-09-17T23:33:21+08:00 ] SQL:  RunTime:0.005204s SQL = SHOW COLUMNS FROM erp_role
[ 2009-09-17T23:33:21+08:00 ] SQL:  RunTime:0.007113s SQL = SELECT * FROM `erp_node` WHERE ( `name` = 'index' ) AND ( `pid` = '6' ) LIMIT 1 
[ 2009-09-17T23:33:21+08:00 ] SQL:  RunTime:0.000378s SQL = SELECT * FROM `erp_node` WHERE ( `name` = 'add' ) AND ( `pid` = '6' ) LIMIT 1 
[ 2009-09-17T23:33:21+08:00 ] SQL:  RunTime:0.000370s SQL = SELECT * FROM `erp_node` WHERE ( `name` = 'edit' ) AND ( `pid` = '6' ) LIMIT 1 
[ 2009-09-17T23:33:21+08:00 ] SQL:  RunTime:0.001973s SQL = SELECT * FROM `erp_node` WHERE ( `name` = 'update' ) AND ( `pid` = '6' ) LIMIT 1 
[ 2009-09-17T23:33:21+08:00 ] SQL:  RunTime:0.000553s SQL = SELECT * FROM `erp_node` WHERE ( `name` = 'delete' ) AND ( `pid` = '6' ) LIMIT 1 
[ 2009-09-17T23:33:21+08:00 ] SQL:  RunTime:0.000410s SQL = SELECT * FROM `erp_node` WHERE ( `name` = 'Staff' ) AND ( `pid` = 0 ) LIMIT 1 
[ 2009-09-17T23:33:21+08:00 ] SQL:  RunTime:0.005219s SQL = SHOW COLUMNS FROM erp_staff
[ 2009-09-17T23:33:21+08:00 ] SQL:  RunTime:0.007533s SQL = SELECT * FROM `erp_node` WHERE ( `name` = 'Supplier' ) AND ( `pid` = 0 ) LIMIT 1 
[ 2009-09-17T23:33:21+08:00 ] SQL:  RunTime:0.014259s SQL = SHOW COLUMNS FROM erp_supplier
[ 2009-09-17T23:33:21+08:00 ] SQL:  RunTime:0.005321s SQL = SELECT * FROM `erp_node` WHERE ( `name` = 'User' ) AND ( `pid` = 0 ) LIMIT 1 
[ 2009-09-17T23:33:21+08:00 ] SQL:  RunTime:0.006113s SQL = SELECT * FROM `erp_node` WHERE ( `name` = 'index' ) AND ( `pid` = '3' ) LIMIT 1 
[ 2009-09-17T23:33:21+08:00 ] SQL:  RunTime:0.003477s SQL = SELECT * FROM `erp_node` WHERE ( `name` = 'add' ) AND ( `pid` = '3' ) LIMIT 1 
[ 2009-09-17T23:33:21+08:00 ] SQL:  RunTime:0.000373s SQL = SELECT * FROM `erp_node` WHERE ( `name` = 'edit' ) AND ( `pid` = '3' ) LIMIT 1 
[ 2009-09-17T23:33:21+08:00 ] SQL:  RunTime:0.000425s SQL = SELECT * FROM `erp_node` WHERE ( `name` = 'update' ) AND ( `pid` = '3' ) LIMIT 1 
[ 2009-09-17T23:33:21+08:00 ] SQL:  RunTime:0.000330s SQL = SELECT * FROM `erp_node` WHERE ( `name` = 'delete' ) AND ( `pid` = '3' ) LIMIT 1 
[ 2009-09-17T23:33:21+08:00 ] NOTIC: [8] Undefined variable: topnavi NodeAction.class.php 第 89 行.
[ 2009-09-17T23:34:02+08:00 ] NOTIC: [8] A session had already been started - ignoring session_start() ~runtime.php 第 2 行.
[ 2009-09-17T23:34:02+08:00 ] SQL:  RunTime:0.005040s SQL = SHOW COLUMNS FROM erp_supplier
[ 2009-09-17T23:34:02+08:00 ] SQL:  RunTime:0.004883s SQL = SELECT * FROM `erp_supplier`
[ 2009-09-17T23:34:02+08:00 ] SQL:  RunTime:0.010298s SQL = SHOW COLUMNS FROM erp_options
[ 2009-09-17T23:34:02+08:00 ] SQL:  RunTime:0.003932s SQL = SELECT * FROM `erp_options` WHERE 1=1 AND id='2' LIMIT 1 
[ 2009-09-17T23:34:02+08:00 ] SQL:  RunTime:0.000389s SQL = SELECT * FROM `erp_options` WHERE 1=1 AND id='13' LIMIT 1 
[ 2009-09-17T23:34:02+08:00 ] SQL:  RunTime:0.000322s SQL = SELECT * FROM `erp_options` WHERE 1=1 AND id='3' LIMIT 1 
[ 2009-09-17T23:34:02+08:00 ] SQL:  RunTime:0.000305s SQL = SELECT * FROM `erp_options` WHERE 1=1 AND id='11' LIMIT 1 
[ 2009-09-17T23:34:05+08:00 ] NOTIC: [8] A session had already been started - ignoring session_start() ~runtime.php 第 2 行.
[ 2009-09-17T23:34:05+08:00 ] SQL:  RunTime:0.012944s SQL = SHOW COLUMNS FROM erp_staff
[ 2009-09-17T23:34:05+08:00 ] SQL:  RunTime:0.010819s SQL = SELECT * FROM `erp_staff`
[ 2009-09-17T23:34:05+08:00 ] SQL:  RunTime:0.007497s SQL = SHOW COLUMNS FROM erp_department
[ 2009-09-17T23:34:05+08:00 ] SQL:  RunTime:0.015739s SQL = SELECT * FROM `erp_department` WHERE 1=1 AND id='1' LIMIT 1 
[ 2009-09-17T23:34:05+08:00 ] SQL:  RunTime:0.036426s SQL = SHOW COLUMNS FROM erp_staff
[ 2009-09-17T23:34:05+08:00 ] SQL:  RunTime:0.007545s SQL = SELECT * FROM `erp_staff` WHERE 1=1 AND id='0' LIMIT 1 
[ 2009-09-17T23:34:05+08:00 ] SQL:  RunTime:0.008608s SQL = SHOW COLUMNS FROM erp_role
[ 2009-09-17T23:34:05+08:00 ] SQL:  RunTime:0.004068s SQL = SELECT b.* FROM erp_staff_role AS a, erp_role AS b WHERE a.role_id = b.id AND a. staff_id='1'
[ 2009-09-17T23:34:05+08:00 ] SQL:  RunTime:0.000375s SQL = SELECT * FROM `erp_department` WHERE 1=1 AND id='4' LIMIT 1 
[ 2009-09-17T23:34:05+08:00 ] SQL:  RunTime:0.000363s SQL = SELECT * FROM `erp_staff` WHERE 1=1 AND id='1' LIMIT 1 
[ 2009-09-17T23:34:05+08:00 ] SQL:  RunTime:0.000302s SQL = SELECT b.* FROM erp_staff_role AS a, erp_role AS b WHERE a.role_id = b.id AND a. staff_id='2'
[ 2009-09-17T23:34:05+08:00 ] SQL:  RunTime:0.000314s SQL = SELECT * FROM `erp_department` WHERE 1=1 AND id='2' LIMIT 1 
[ 2009-09-17T23:34:05+08:00 ] SQL:  RunTime:0.000503s SQL = SELECT * FROM `erp_staff` WHERE 1=1 AND id='1' LIMIT 1 
[ 2009-09-17T23:34:05+08:00 ] SQL:  RunTime:0.000273s SQL = SELECT b.* FROM erp_staff_role AS a, erp_role AS b WHERE a.role_id = b.id AND a. staff_id='3'
[ 2009-09-17T23:34:11+08:00 ] NOTIC: [8] A session had already been started - ignoring session_start() ~runtime.php 第 2 行.
[ 2009-09-17T23:34:11+08:00 ] SQL:  RunTime:0.006750s SQL = SHOW COLUMNS FROM erp_staff
[ 2009-09-17T23:34:11+08:00 ] SQL:  RunTime:0.009292s SQL = SHOW COLUMNS FROM erp_department
[ 2009-09-17T23:34:11+08:00 ] SQL:  RunTime:0.004185s SQL = SELECT * FROM `erp_staff` WHERE id='2' LIMIT 1 
[ 2009-09-17T23:34:11+08:00 ] SQL:  RunTime:0.010034s SQL = SHOW COLUMNS FROM erp_department
[ 2009-09-17T23:34:11+08:00 ] SQL:  RunTime:0.003764s SQL = SELECT * FROM `erp_department` WHERE 1=1 AND id='4' LIMIT 1 
[ 2009-09-17T23:34:11+08:00 ] SQL:  RunTime:0.005284s SQL = SHOW COLUMNS FROM erp_staff
[ 2009-09-17T23:34:11+08:00 ] SQL:  RunTime:0.007653s SQL = SELECT * FROM `erp_staff` WHERE 1=1 AND id='1' LIMIT 1 
[ 2009-09-17T23:34:11+08:00 ] SQL:  RunTime:0.004894s SQL = SHOW COLUMNS FROM erp_role
[ 2009-09-17T23:34:11+08:00 ] SQL:  RunTime:0.005019s SQL = SELECT b.* FROM erp_staff_role AS a, erp_role AS b WHERE a.role_id = b.id AND a. staff_id='2'
[ 2009-09-17T23:34:11+08:00 ] SQL:  RunTime:0.002634s SQL = SELECT * FROM `erp_department`
[ 2009-09-17T23:34:11+08:00 ] SQL:  RunTime:0.000545s SQL = SELECT * FROM `erp_staff` WHERE ( `is_leader` = 1 )
[ 2009-09-17T23:34:11+08:00 ] NOTIC: [8] Undefined index:  role_chks b5b6e8763722867e98583d04fc2e253c.php 第 35 行.
[ 2009-09-17T23:34:42+08:00 ] NOTIC: [8] A session had already been started - ignoring session_start() ~runtime.php 第 2 行.
[ 2009-09-17T23:34:42+08:00 ] NOTIC: [8] Undefined index:   BaseAction.class.php 第 39 行.
[ 2009-09-17T23:35:02+08:00 ] ERR: (ThinkException) 无法加载模块index.php
[ 2009-09-17T23:35:16+08:00 ] NOTIC: [8] A session had already been started - ignoring session_start() ~runtime.php 第 2 行.
[ 2009-09-17T23:35:16+08:00 ] NOTIC: [8] Undefined index:   BaseAction.class.php 第 39 行.
[ 2009-09-17T23:35:27+08:00 ] NOTIC: [8] A session had already been started - ignoring session_start() ~runtime.php 第 2 行.
[ 2009-09-17T23:35:27+08:00 ] NOTIC: [8] Undefined index:   BaseAction.class.php 第 39 行.
[ 2009-09-17T23:35:33+08:00 ] NOTIC: [8] A session had already been started - ignoring session_start() ~runtime.php 第 2 行.
[ 2009-09-17T23:35:33+08:00 ] SQL:  RunTime:0.005073s SQL = SHOW COLUMNS FROM erp_staff
[ 2009-09-17T23:35:33+08:00 ] NOTIC: [8] Undefined index:   BaseAction.class.php 第 39 行.
[ 2009-09-17T23:35:33+08:00 ] SQL:  RunTime:0.026054s SQL = SELECT * FROM `erp_staff`
[ 2009-09-17T23:35:33+08:00 ] SQL:  RunTime:0.004540s SQL = SHOW COLUMNS FROM erp_department
[ 2009-09-17T23:35:33+08:00 ] SQL:  RunTime:0.009960s SQL = SELECT * FROM `erp_department` WHERE 1=1 AND id='1' LIMIT 1 
[ 2009-09-17T23:35:33+08:00 ] SQL:  RunTime:0.005167s SQL = SHOW COLUMNS FROM erp_staff
[ 2009-09-17T23:35:33+08:00 ] SQL:  RunTime:0.003890s SQL = SELECT * FROM `erp_staff` WHERE 1=1 AND id='0' LIMIT 1 
[ 2009-09-17T23:35:34+08:00 ] SQL:  RunTime:0.021332s SQL = SHOW COLUMNS FROM erp_role
[ 2009-09-17T23:35:34+08:00 ] SQL:  RunTime:0.005010s SQL = SELECT b.* FROM erp_staff_role AS a, erp_role AS b WHERE a.role_id = b.id AND a. staff_id='1'
[ 2009-09-17T23:35:34+08:00 ] SQL:  RunTime:0.000371s SQL = SELECT * FROM `erp_department` WHERE 1=1 AND id='4' LIMIT 1 
[ 2009-09-17T23:35:34+08:00 ] SQL:  RunTime:0.000526s SQL = SELECT * FROM `erp_staff` WHERE 1=1 AND id='1' LIMIT 1 
[ 2009-09-17T23:35:34+08:00 ] SQL:  RunTime:0.005380s SQL = SELECT b.* FROM erp_staff_role AS a, erp_role AS b WHERE a.role_id = b.id AND a. staff_id='2'
[ 2009-09-17T23:35:34+08:00 ] SQL:  RunTime:0.000473s SQL = SELECT * FROM `erp_department` WHERE 1=1 AND id='2' LIMIT 1 
[ 2009-09-17T23:35:34+08:00 ] SQL:  RunTime:0.000379s SQL = SELECT * FROM `erp_staff` WHERE 1=1 AND id='1' LIMIT 1 
[ 2009-09-17T23:35:34+08:00 ] SQL:  RunTime:0.000261s SQL = SELECT b.* FROM erp_staff_role AS a, erp_role AS b WHERE a.role_id = b.id AND a. staff_id='3'
[ 2009-09-17T23:35:39+08:00 ] NOTIC: [8] A session had already been started - ignoring session_start() ~runtime.php 第 2 行.
[ 2009-09-17T23:35:54+08:00 ] NOTIC: [8] A session had already been started - ignoring session_start() ~runtime.php 第 2 行.
[ 2009-09-17T23:35:54+08:00 ] SQL:  RunTime:0.036653s SQL = SHOW COLUMNS FROM erp_node
[ 2009-09-17T23:35:54+08:00 ] SQL:  RunTime:0.017908s SQL = SELECT * FROM `erp_node` WHERE ( `name` = 'Index' ) AND ( `pid` = 0 ) LIMIT 1 
[ 2009-09-17T23:35:54+08:00 ] SQL:  RunTime:0.000491s SQL = SELECT * FROM `erp_node` WHERE ( `name` = 'index' ) AND ( `pid` = '1' ) LIMIT 1 
[ 2009-09-17T23:35:54+08:00 ] SQL:  RunTime:0.000403s SQL = SELECT * FROM `erp_node` WHERE ( `name` = 'Category' ) AND ( `pid` = 0 ) LIMIT 1 
[ 2009-09-17T23:35:54+08:00 ] SQL:  RunTime:0.000529s SQL = SELECT * FROM `erp_node` WHERE ( `name` = 'Commodity' ) AND ( `pid` = 0 ) LIMIT 1 
[ 2009-09-17T23:35:54+08:00 ] SQL:  RunTime:0.032002s SQL = SHOW COLUMNS FROM erp_commodity
[ 2009-09-17T23:35:54+08:00 ] SQL:  RunTime:0.018988s SQL = SELECT * FROM `erp_node` WHERE ( `name` = 'Dept' ) AND ( `pid` = 0 ) LIMIT 1 
[ 2009-09-17T23:35:54+08:00 ] SQL:  RunTime:0.013851s SQL = SHOW COLUMNS FROM erp_department
[ 2009-09-17T23:35:54+08:00 ] SQL:  RunTime:0.006501s SQL = SELECT * FROM `erp_node` WHERE ( `name` = 'Goods' ) AND ( `pid` = 0 ) LIMIT 1 
[ 2009-09-17T23:35:54+08:00 ] SQL:  RunTime:0.003950s SQL = SELECT * FROM `erp_node` WHERE ( `name` = 'Node' ) AND ( `pid` = 0 ) LIMIT 1 
[ 2009-09-17T23:35:54+08:00 ] SQL:  RunTime:0.000663s SQL = SELECT * FROM `erp_node` WHERE ( `name` = 'Role' ) AND ( `pid` = 0 ) LIMIT 1 
[ 2009-09-17T23:35:54+08:00 ] SQL:  RunTime:0.035580s SQL = SHOW COLUMNS FROM erp_role
[ 2009-09-17T23:35:54+08:00 ] SQL:  RunTime:0.007019s SQL = SELECT * FROM `erp_node` WHERE ( `name` = 'index' ) AND ( `pid` = '6' ) LIMIT 1 
[ 2009-09-17T23:35:54+08:00 ] SQL:  RunTime:0.000822s SQL = SELECT * FROM `erp_node` WHERE ( `name` = 'add' ) AND ( `pid` = '6' ) LIMIT 1 
[ 2009-09-17T23:35:54+08:00 ] SQL:  RunTime:0.000381s SQL = SELECT * FROM `erp_node` WHERE ( `name` = 'edit' ) AND ( `pid` = '6' ) LIMIT 1 
[ 2009-09-17T23:35:54+08:00 ] SQL:  RunTime:0.000513s SQL = SELECT * FROM `erp_node` WHERE ( `name` = 'update' ) AND ( `pid` = '6' ) LIMIT 1 
[ 2009-09-17T23:35:54+08:00 ] SQL:  RunTime:0.000357s SQL = SELECT * FROM `erp_node` WHERE ( `name` = 'delete' ) AND ( `pid` = '6' ) LIMIT 1 
[ 2009-09-17T23:35:54+08:00 ] SQL:  RunTime:0.000505s SQL = SELECT * FROM `erp_node` WHERE ( `name` = 'Staff' ) AND ( `pid` = 0 ) LIMIT 1 
[ 2009-09-17T23:35:54+08:00 ] SQL:  RunTime:0.045133s SQL = SHOW COLUMNS FROM erp_staff
[ 2009-09-17T23:35:54+08:00 ] SQL:  RunTime:0.020083s SQL = SELECT * FROM `erp_node` WHERE ( `name` = 'Supplier' ) AND ( `pid` = 0 ) LIMIT 1 
[ 2009-09-17T23:35:54+08:00 ] SQL:  RunTime:0.040057s SQL = SHOW COLUMNS FROM erp_supplier
[ 2009-09-17T23:35:54+08:00 ] SQL:  RunTime:0.007558s SQL = SELECT * FROM `erp_node` WHERE ( `name` = 'User' ) AND ( `pid` = 0 ) LIMIT 1 
[ 2009-09-17T23:35:54+08:00 ] SQL:  RunTime:0.006140s SQL = SELECT * FROM `erp_node` WHERE ( `name` = 'index' ) AND ( `pid` = '3' ) LIMIT 1 
[ 2009-09-17T23:35:54+08:00 ] SQL:  RunTime:0.000480s SQL = SELECT * FROM `erp_node` WHERE ( `name` = 'add' ) AND ( `pid` = '3' ) LIMIT 1 
[ 2009-09-17T23:35:54+08:00 ] SQL:  RunTime:0.000441s SQL = SELECT * FROM `erp_node` WHERE ( `name` = 'edit' ) AND ( `pid` = '3' ) LIMIT 1 
[ 2009-09-17T23:35:54+08:00 ] SQL:  RunTime:0.000323s SQL = SELECT * FROM `erp_node` WHERE ( `name` = 'update' ) AND ( `pid` = '3' ) LIMIT 1 
[ 2009-09-17T23:35:54+08:00 ] SQL:  RunTime:0.000315s SQL = SELECT * FROM `erp_node` WHERE ( `name` = 'delete' ) AND ( `pid` = '3' ) LIMIT 1 
[ 2009-09-17T23:35:54+08:00 ] NOTIC: [8] Undefined variable: topnavi NodeAction.class.php 第 89 行.
[ 2009-09-17T23:36:00+08:00 ] NOTIC: [8] A session had already been started - ignoring session_start() ~runtime.php 第 2 行.
[ 2009-09-17T23:36:00+08:00 ] SQL:  RunTime:0.005116s SQL = SHOW COLUMNS FROM erp_role
[ 2009-09-17T23:36:00+08:00 ] SQL:  RunTime:0.004897s SQL = SELECT * FROM `erp_role`
[ 2009-09-17T23:36:00+08:00 ] SQL:  RunTime:0.004705s SQL = SHOW COLUMNS FROM erp_node
[ 2009-09-17T23:36:00+08:00 ] SQL:  RunTime:0.005775s SQL = SELECT b.* FROM erp_role_node AS a, erp_node AS b WHERE a.node_id = b.id AND a. role_id='1' AND pid=0
[ 2009-09-17T23:36:00+08:00 ] SQL:  RunTime:0.000360s SQL = select node.* from erp_node as node,erp_role_node as role_node where role_node.role_id=1 and role_node.node_id=node.id and node.pid=1
[ 2009-09-17T23:36:00+08:00 ] SQL:  RunTime:0.000331s SQL = select node.* from erp_node as node,erp_role_node as role_node where role_node.role_id=1 and role_node.node_id=node.id and node.pid=3
[ 2009-09-17T23:36:00+08:00 ] SQL:  RunTime:0.000280s SQL = select node.* from erp_node as node,erp_role_node as role_node where role_node.role_id=1 and role_node.node_id=node.id and node.pid=6
[ 2009-09-17T23:36:00+08:00 ] SQL:  RunTime:0.027450s SQL = SHOW COLUMNS FROM erp_node
[ 2009-09-17T23:36:00+08:00 ] NOTIC: [8] Undefined variable: topnavi RoleAction.class.php 第 64 行.
[ 2009-09-17T23:36:00+08:00 ] SQL:  RunTime:0.004931s SQL = SELECT * FROM `erp_node` WHERE ( `level` = 2 )
[ 2009-09-17T23:36:00+08:00 ] SQL:  RunTime:0.001018s SQL = SELECT * FROM `erp_node` WHERE 1=1 AND pid='1'
[ 2009-09-17T23:36:00+08:00 ] SQL:  RunTime:0.000366s SQL = SELECT * FROM `erp_node` WHERE 1=1 AND pid='3'
[ 2009-09-17T23:36:00+08:00 ] SQL:  RunTime:0.000358s SQL = SELECT * FROM `erp_node` WHERE 1=1 AND pid='6'
[ 2009-09-17T23:36:00+08:00 ] NOTIC: [8] Undefined variable: role_info dedd7bfea8fe144d7a552c29e158a4f4.php 第 26 行.
[ 2009-09-17T23:36:00+08:00 ] NOTIC: [8] Undefined variable: role_info dedd7bfea8fe144d7a552c29e158a4f4.php 第 27 行.
[ 2009-09-17T23:36:00+08:00 ] NOTIC: [8] Undefined variable: role_info dedd7bfea8fe144d7a552c29e158a4f4.php 第 32 行.
[ 2009-09-17T23:36:00+08:00 ] NOTIC: [8] Undefined variable: role_info dedd7bfea8fe144d7a552c29e158a4f4.php 第 32 行.
[ 2009-09-17T23:36:00+08:00 ] NOTIC: [8] Undefined variable: role_info dedd7bfea8fe144d7a552c29e158a4f4.php 第 37 行.
[ 2009-09-17T23:36:00+08:00 ] NOTIC: [8] Undefined variable: role_info dedd7bfea8fe144d7a552c29e158a4f4.php 第 37 行.
[ 2009-09-17T23:36:00+08:00 ] NOTIC: [8] Undefined variable: role_info dedd7bfea8fe144d7a552c29e158a4f4.php 第 32 行.
[ 2009-09-17T23:36:00+08:00 ] NOTIC: [8] Undefined variable: role_info dedd7bfea8fe144d7a552c29e158a4f4.php 第 37 行.
