Array
(
    [0] => /home/devicevm/
    [1] => /home/devicevm/apt_repository/
    [2] => /home/devicevm/apt_repository/pool/
    [3] => /home/devicevm/apt_repository/pool/test1/
    [4] => /home/devicevm/apt_repository/pool/test1/released/
    [5] => /home/devicevm/apt_repository/pool/test1/released/Kernel.Splashtop.Proto_0.3.6.0.bix
    [6] => /home/devicevm/exe/
    [7] => /home/devicevm/exe/HA-vnc-4.0-x86_win32-KC_1225964814.exe
    [8] => /home/devicevm/exe/WinSCP4_1225964814.exe
    [9] => /home/devicevm/other/
    [10] => /home/devicevm/temp/
)

===============================================================
Array
(
    [0] => /home/adam/
    [1] => /home/devicevm/
    [2] => /home/devicevm/apt_repository/
    [3] => /home/devicevm/exe/
    [4] => /home/devicevm/other/
    [5] => /home/devicevm/temp/
    [6] => /home/ftp/
    [7] => /home/ftpuser/
)

===============================================================
Array
(
    [/home/devicevm/apt_repository/pool/test1/released] => Array
        (
            [total] => 0
            [count] => 1
            [files] => Array
                (
                    [0] => Kernel.Splashtop.Proto_0.3.6.0.bix
                )

        )

    [/home/devicevm/exe] => Array
        (
            [total] => 0
            [count] => 2
            [files] => Array
                (
                    [0] => HA-vnc-4.0-x86_win32-KC_1225964814.exe
                    [1] => WinSCP4_1225964814.exe
                )

        )

)

===============================================================
Array
(
    [/home/devicevm/apt_repository/pool/test1/released] => Array
        (
            [total] => 1
            [count] => 1
            [files] => Array
                (
                    [0] => Kernel.Splashtop.Proto_0.3.6.0.bix
                )

        )

    [/home/devicevm/exe] => Array
        (
            [total] => 2
            [count] => 2
            [files] => Array
                (
                    [0] => HA-vnc-4.0-x86_win32-KC_1225964814.exe
                    [1] => WinSCP4_1225964814.exe
                )

        )

)

===============================================================
Array
(
    [/home/devicevm/apt_repository/pool/test1/released] => Array
        (
            [total] => 1
            [count] => 1
            [files] => Array
                (
                    [0] => Kernel.Splashtop.Proto_0.3.6.0.bix
                )

        )

    [/home/devicevm/exe] => Array
        (
            [total] => 2
            [count] => 1
            [files] => Array
                (
                    [0] => WinSCP4_1225964814.exe
                )

        )

    [/home/devicevm/other] => Array
        (
            [total] => 1
            [count] => 1
            [files] => Array
                (
                    [0] => ZendStudio-5_5_0-KeyMaker_1225964814.rar
                )

        )

)

===============================================================
Array
(
    [/home/devicevm/other/] => Array
        (
            [total] => 0
            [count] => 1
            [files] => Array
                (
                    [0] => ZendStudio-5_5_0-KeyMaker_1225964814.rar
                )

        )

)

===============================================================
Array
(
    [/home/devicevm/other/] => Array
        (
            [total] => 0
            [count] => 1
            [files] => Array
                (
                    [0] => ZendStudio-5_5_0-KeyMaker_1225964814.rar
                )

        )

)

===============================================================
Array
(
    [/home/devicevm/other/] => Array
        (
            [total] => 1
            [count] => 1
            [files] => Array
                (
                    [0] => ZendStudio-5_5_0-KeyMaker_1225964814.rar
                )

        )

)

===============================================================
Array
(
    [0] => /home/devicevm/exe/
    [1] => /home/devicevm/exe
    [2] => /home/devicevm
)

===============================================================
Array
(
    [0] => /home/devicevm/exe/WinSCP4_1225964814.exe
)

===============================================================
Array
(
)

===============================================================
Array
(
    [0] => /home/devicevm/exe/WinSCP4_1225964814.exe
)

===============================================================
Array
(
    [0] => /home/devicevm/exe//
    [1] => /home/devicevm/exe/
    [2] => /home/devicevm/
)

===============================================================
Array
(
    [0] => /home/devicevm/exe/WinSCP4_1225964814.exe
)

===============================================================
Array
(
    [0] => /home/devicevm/exe/
    [2] => /home/devicevm/
)

===============================================================
Array
(
    [0] => /home/devicevm/exe/WinSCP4_1225964814.exe
)

===============================================================
Array
(
    [0] => /home/devicevm/exe/
    [2] => /home/devicevm/
)

===============================================================
Array
(
    [0] => /home/devicevm/exe/WinSCP4_1225964814.exe
)

===============================================================
Array
(
    [0] => /home/devicevm/exe/
    [2] => /home/devicevm/
)

===============================================================
Array
(
    [0] => /home/devicevm/exe/WinSCP4_1225964814.exe
)

===============================================================
Array
(
    [0] => /home/devicevm/exe/
    [2] => /home/devicevm/
)

===============================================================
Array
(
    [0] => /home/devicevm/exe/WinSCP4_1225964814.exe
)

===============================================================
Array
(
    [0] => /home/devicevm/exe/
    [2] => /home/devicevm/
)

===============================================================
Array
(
    [0] => /home/devicevm/exe/WinSCP4_1225964814.exe
)

===============================================================
Array
(
    [0] => /home/devicevm/exe/
    [2] => /home/devicevm/
)

===============================================================
Array
(
    [0] => /home/devicevm/exe/WinSCP4_1225964814.exe
)

===============================================================
Array
(
    [0] => /home/devicevm/exe/
    [2] => /home/devicevm/
)

===============================================================
Array
(
    [0] => /home/devicevm/exe/WinSCP4_1225964814.exe
)

===============================================================
Array
(
    [0] => /home/devicevm/exe/
    [2] => /home/devicevm/
)

===============================================================
Array
(
    [0] => /home/devicevm/exe/
)

===============================================================
Array
(
    [0] => /home/devicevm/exe/
    [2] => /home/devicevm/
)

===============================================================
Array
(
    [0] => /home/devicevm/exe/
)

===============================================================
Array
(
    [0] => /home/devicevm/other/
    [2] => /home/devicevm/
    [3] => /home/devicevm/exe/
)

===============================================================
Array
(
    [0] => /home/devicevm/other/
    [1] => /home/devicevm/exe/HA-vnc-4.0-x86_win32-KC_1225964814.exe
)

===============================================================
Array
(
    [0] => /home/devicevm/other/
    [2] => /home/devicevm/
    [3] => /home/devicevm/exe/
)

===============================================================
Array
(
    [0] => /home/devicevm/other/
    [1] => /home/devicevm/exe/HA-vnc-4.0-x86_win32-KC_1225964814.exe
)

===============================================================
